\BOOKMARK [1][-]{section.1}{\376\377\230\204\116\140\142\245\124\112}{}% 1
\BOOKMARK [2][-]{subsection.1.1}{\376\377\060\020\133\236\232\214\166\356\166\204\060\021}{section.1}% 2
\BOOKMARK [2][-]{subsection.1.2}{\376\377\060\020\133\236\232\214\165\050\121\167\060\021}{section.1}% 3
\BOOKMARK [2][-]{subsection.1.3}{\376\377\060\020\133\236\232\214\123\237\164\006\060\021}{section.1}% 4
\BOOKMARK [3][-]{subsubsection.1.3.1}{\376\377\215\205\133\374}{subsection.1.3}% 5
\BOOKMARK [3][-]{subsubsection.1.3.2}{\376\377\117\116\156\051\142\200\147\057\124\214\137\072\170\301\127\072\142\200\147\057}{subsection.1.3}% 6
\BOOKMARK [3][-]{subsubsection.1.3.3}{\376\377\165\065\226\073\124\214\170\301\123\026\163\207\166\204\155\113\221\317}{subsection.1.3}% 7
\BOOKMARK [2][-]{subsection.1.4}{\376\377\060\020\230\204\116\140\142\245\124\112\140\035\200\003\230\230\060\021}{section.1}% 8
\BOOKMARK [3][-]{subsubsection.1.4.1}{\376\377\133\236\232\214\166\356\166\204\0001}{subsection.1.4}% 9
\BOOKMARK [3][-]{subsubsection.1.4.2}{\376\377\133\236\232\214\166\356\166\204\0003}{subsection.1.4}% 10
\BOOKMARK [1][-]{section.2}{\376\377\133\236\232\214\213\260\137\125}{}% 11
\BOOKMARK [2][-]{subsection.2.1}{\376\377\060\020\127\372\170\100\133\236\232\214\121\205\133\271\060\001\153\145\232\244\060\001\176\323\147\234\060\021}{section.2}% 12
\BOOKMARK [3][-]{subsubsection.2.1.1}{\376\377\215\205\133\374\166\204\125\057\214\141\143\242\172\166\124\214\215\205\133\374\217\154\123\330\156\051\136\246\166\204\165\065\226\073\154\325\155\113\221\317}{subsection.2.1}% 13
\BOOKMARK [3][-]{subsubsection.2.1.2}{\376\377\215\205\133\374\217\154\123\330\156\051\136\246\166\204\116\244\155\101\170\301\123\026\163\207\155\113\221\317}{subsection.2.1}% 14
\BOOKMARK [3][-]{subsubsection.2.1.3}{\376\377\215\205\133\374\217\154\123\330\156\051\136\246\226\217\131\026\170\301\127\072\166\204\121\163\174\373\143\242\172\166}{subsection.2.1}% 15
\BOOKMARK [2][-]{subsection.2.2}{\376\377\060\020\213\276\213\241\140\047\133\236\232\214\121\205\133\271\060\001\153\145\232\244\060\001\176\323\147\234\060\021}{section.2}% 16
\BOOKMARK [3][-]{subsubsection.2.2.1}{\376\377\165\065\226\073\123\330\123\026\166\204\116\064\165\114\143\007\145\160\155\113\221\317}{subsection.2.2}% 17
\BOOKMARK [3][-]{subsubsection.2.2.2}{\376\377\170\301\123\026\163\207\156\051\136\246\123\330\123\026\166\204\116\064\165\114\143\007\145\160\155\113\221\317}{subsection.2.2}% 18
\BOOKMARK [3][-]{subsubsection.2.2.3}{\376\377\143\242\172\166\116\064\165\114\156\051\136\246\116\013\170\301\123\026\163\207\170\301\127\072\123\330\123\026\166\204\116\064\165\114\143\007\145\160}{subsection.2.2}% 19
\BOOKMARK [3][-]{subsubsection.2.2.4}{\376\377\170\301\123\026\163\207\156\051\136\246\123\330\123\026\166\204\116\064\165\114\143\007\145\160\155\113\221\317}{subsection.2.2}% 20
\BOOKMARK [3][-]{subsubsection.2.2.5}{\376\377\143\242\172\166\116\000\176\247\166\370\123\330\124\214\116\214\176\247\166\370\123\330\225\364\166\204\123\072\122\053}{subsection.2.2}% 21
\BOOKMARK [2][-]{subsection.2.3}{\376\377\060\020\133\236\232\214\217\307\172\013\116\055\220\107\122\060\225\356\230\230\213\260\137\125\060\021}{section.2}% 22
